<?xml version="1.0" encoding="UTF-8"?>
<!-- Generated by org.testng.reporters.JUnitReportReporter -->
<testsuite hostname="LAPTOP-G8MSN2DQ" failures="0" tests="7" name="com.facebook1.Util.loginPageTest" time="0.003" errors="1" timestamp="2021-08-03T23:24:55 IST" skipped="6">
  <testcase classname="com.facebook1.Util.loginPageTest" name="setUp" time="0.003">
    <error message="Cannot invoke &quot;java.util.Properties.getProperty(String)&quot; because &quot;com.facebook1.Bbase.TestBase.prop&quot; is null" type="java.lang.NullPointerException">
      <![CDATA[java.lang.NullPointerException: Cannot invoke "java.util.Properties.getProperty(String)" because "com.facebook1.Bbase.TestBase.prop" is null
at com.facebook1.Bbase.TestBase.initialization(TestBase.java:27)
at com.facebook1.Util.loginPageTest.setUp(loginPageTest.java:25)
at java.base/jdk.internal.reflect.NativeMethodAccessorImpl.invoke0(Native Method)
at java.base/jdk.internal.reflect.NativeMethodAccessorImpl.invoke(NativeMethodAccessorImpl.java:78)
at java.base/jdk.internal.reflect.DelegatingMethodAccessorImpl.invoke(DelegatingMethodAccessorImpl.java:43)
at java.base/java.lang.reflect.Method.invoke(Method.java:567)
at org.testng.internal.MethodInvocationHelper.invokeMethod(MethodInvocationHelper.java:133)
at org.testng.internal.MethodInvocationHelper.invokeMethodConsideringTimeout(MethodInvocationHelper.java:62)
at org.testng.internal.ConfigInvoker.invokeConfigurationMethod(ConfigInvoker.java:385)
at org.testng.internal.ConfigInvoker.invokeConfigurations(ConfigInvoker.java:321)
at org.testng.internal.TestInvoker.runConfigMethods(TestInvoker.java:700)
at org.testng.internal.TestInvoker.invokeMethod(TestInvoker.java:527)
at org.testng.internal.TestInvoker.invokeTestMethod(TestInvoker.java:173)
at org.testng.internal.MethodRunner.runInSequence(MethodRunner.java:46)
at org.testng.internal.TestInvoker$MethodInvocationAgent.invoke(TestInvoker.java:824)
at org.testng.internal.TestInvoker.invokeTestMethods(TestInvoker.java:146)
at org.testng.internal.TestMethodWorker.invokeTestMethods(TestMethodWorker.java:146)
at org.testng.internal.TestMethodWorker.run(TestMethodWorker.java:128)
at java.base/java.util.ArrayList.forEach(ArrayList.java:1511)
at org.testng.TestRunner.privateRun(TestRunner.java:794)
at org.testng.TestRunner.run(TestRunner.java:596)
at org.testng.SuiteRunner.runTest(SuiteRunner.java:377)
at org.testng.SuiteRunner.runSequentially(SuiteRunner.java:371)
at org.testng.SuiteRunner.privateRun(SuiteRunner.java:332)
at org.testng.SuiteRunner.run(SuiteRunner.java:276)
at org.testng.SuiteRunnerWorker.runSuite(SuiteRunnerWorker.java:53)
at org.testng.SuiteRunnerWorker.run(SuiteRunnerWorker.java:96)
at org.testng.TestNG.runSuitesSequentially(TestNG.java:1212)
at org.testng.TestNG.runSuitesLocally(TestNG.java:1134)
at org.testng.TestNG.runSuites(TestNG.java:1063)
at org.testng.TestNG.run(TestNG.java:1031)
at org.testng.remote.AbstractRemoteTestNG.run(AbstractRemoteTestNG.java:115)
at org.testng.remote.RemoteTestNG.initAndRun(RemoteTestNG.java:251)
at org.testng.remote.RemoteTestNG.main(RemoteTestNG.java:77)
]]>
    </error>
  </testcase> <!-- setUp -->
  <system-out/>
  <testcase classname="com.facebook1.Util.loginPageTest" name="validatePageTitle" time="0.000">
    <skipped/>
  </testcase> <!-- validatePageTitle -->
  <system-out/>
  <testcase classname="com.facebook1.Util.loginPageTest" name="Checklogo" time="0.000">
    <skipped/>
  </testcase> <!-- Checklogo -->
  <system-out/>
  <testcase classname="com.facebook1.Util.loginPageTest" name="loginToPage" time="0.000">
    <skipped/>
  </testcase> <!-- loginToPage -->
  <system-out/>
  <testcase classname="com.facebook1.Util.loginPageTest" name="frgotPasswrd" time="0.000">
    <skipped/>
  </testcase> <!-- frgotPasswrd -->
  <system-out/>
  <testcase classname="com.facebook1.Util.loginPageTest" name="CreatePage" time="0.000">
    <skipped/>
  </testcase> <!-- CreatePage -->
  <system-out/>
  <testcase classname="com.facebook1.Util.loginPageTest" name="checkText" time="0.000">
    <skipped/>
  </testcase> <!-- checkText -->
  <system-out/>
</testsuite> <!-- com.facebook1.Util.loginPageTest -->
